<?xml version="1.0" encoding="UTF-8"?>
<!-- Generated by org.testng.reporters.JUnitReportReporter -->
<testsuite hostname="DESKTOP-909HK27" failures="0" tests="3" name="testNG.FirstTestCase" time="0.009" errors="0" timestamp="2024-12-03T22:48:01 IST" skipped="0">
  <testcase classname="testNG.FirstTestCase" name="openApp" time="0.003"/>
  <testcase classname="testNG.FirstTestCase" name="login" time="0.003"/>
  <testcase classname="testNG.FirstTestCase" name="logout" time="0.003"/>
</testsuite> <!-- testNG.FirstTestCase -->
