<?xml version="1.0" encoding="UTF-8"?>
<!-- Generated by org.testng.reporters.JUnitReportReporter -->
<testsuite hostname="DESKTOP-909HK27" failures="0" tests="2" name="testNG.AnnotationDemo2" time="0.018" errors="0" timestamp="2024-12-04T00:30:27 IST" skipped="0">
  <testcase classname="testNG.AnnotationDemo2" name="testSearch" time="0.015"/>
  <testcase classname="testNG.AnnotationDemo2" name="testAdvanceSearch" time="0.003"/>
</testsuite> <!-- testNG.AnnotationDemo2 -->
