<?xml version="1.0" encoding="UTF-8"?>
<!-- Generated by org.testng.reporters.JUnitReportReporter -->
<testsuite hostname="DESKTOP-909HK27" failures="0" tests="2" name="annotationBeforeAfterTest.C2" time="0.011" errors="0" timestamp="2024-12-05T00:47:40 IST" skipped="0">
  <testcase classname="annotationBeforeAfterTest.C2" name="xyz" time="0.002"/>
  <testcase classname="annotationBeforeAfterTest.C2" name="xyz" time="0.009"/>
</testsuite> <!-- annotationBeforeAfterTest.C2 -->
