<?xml version="1.0" encoding="UTF-8"?>
<!-- Generated by org.testng.reporters.JUnitReportReporter -->
<testsuite hostname="DESKTOP-909HK27" failures="0" tests="4" name="testNG.orangeHRMTest" time="17.763" errors="0" timestamp="2024-12-03T22:48:01 IST" skipped="0">
  <testcase classname="testNG.orangeHRMTest" name="openApplication" time="11.139"/>
  <testcase classname="testNG.orangeHRMTest" name="testLogo" time="5.781"/>
  <testcase classname="testNG.orangeHRMTest" name="testLogin" time="0.487"/>
  <testcase classname="testNG.orangeHRMTest" name="close" time="0.356"/>
</testsuite> <!-- testNG.orangeHRMTest -->
