<?xml version="1.0" encoding="UTF-8"?>
<!-- Generated by org.testng.reporters.JUnitReportReporter -->
<testsuite hostname="DESKTOP-909HK27" failures="0" tests="2" name="annotationBeforeAfterTest.C3" time="0.006" errors="0" timestamp="2024-12-05T00:47:40 IST" skipped="0">
  <testcase classname="annotationBeforeAfterTest.C3" name="pqr" time="0.003"/>
  <testcase classname="annotationBeforeAfterTest.C3" name="pqr" time="0.003"/>
</testsuite> <!-- annotationBeforeAfterTest.C3 -->
