<?xml version="1.0" encoding="UTF-8"?>
<!-- Generated by org.testng.reporters.JUnitReportReporter -->
<testsuite hostname="DESKTOP-909HK27" failures="0" tests="2" name="testNG.AnnotationDemo1" time="0.033" errors="0" timestamp="2024-12-05T00:27:10 IST" skipped="0">
  <testcase classname="testNG.AnnotationDemo1" name="testSearch" time="0.029"/>
  <testcase classname="testNG.AnnotationDemo1" name="testAdvanceSearch" time="0.004"/>
</testsuite> <!-- testNG.AnnotationDemo1 -->
